-------------------------------------------------------------------------------
Test set: unit.ventas.VentasTest
-------------------------------------------------------------------------------
Tests run: 4, Failures: 1, Errors: 0, Skipped: 0, Time elapsed: 0.028 s <<< FAILURE! - in unit.ventas.VentasTest
TotalFactorizadoPor200Test  Time elapsed: 0.001 s  <<< FAILURE!
org.opentest4j.AssertionFailedError: expected: <400300.0> but was: <400000.0>
	at unit.ventas.VentasTest.TotalFactorizadoPor200Test(VentasTest.java:29)

